<?xml version="1.0" encoding="UTF-8"?>
<testsuite name="org.example.MyHashMapTest" tests="2" skipped="0" failures="0" errors="0" timestamp="2023-04-20T01:21:02" hostname="DESKTOP-T4VILT1" time="0.03">
  <properties/>
  <testcase name="testPut()" classname="org.example.MyHashMapTest" time="0.026"/>
  <testcase name="testPutReplace()" classname="org.example.MyHashMapTest" time="0.002"/>
  <system-out><![CDATA[]]></system-out>
  <system-err><![CDATA[]]></system-err>
</testsuite>
